2014-01-17 15:09:51.781 xcodebuild[29555:1007] [MT] IDELogStore: Log record's backing file ("/Users/orta/Library/Developer/Xcode/DerivedData/Demo_Project-crppgkcbqmsuzmfbgqzknzuzbick/Logs/Build/618534CF-23D7-4AC0-BF2B-8A86A9290BC9.xcactivitylog") is missing. Skipping.
2014-01-17 15:09:51.781 xcodebuild[29555:1007] [MT] IDELogStore: Log record's backing file ("/Users/orta/Library/Developer/Xcode/DerivedData/Demo_Project-crppgkcbqmsuzmfbgqzknzuzbick/Logs/Build/CB765EE3-F22F-48A8-B69B-D969F61322F5.xcactivitylog") is missing. Skipping.
2014-01-17 15:09:51.782 xcodebuild[29555:1007] [MT] IDELogStore: Log record's backing file ("/Users/orta/Library/Developer/Xcode/DerivedData/Demo_Project-crppgkcbqmsuzmfbgqzknzuzbick/Logs/Build/E9C1CA4E-AE41-4CE8-9FE1-582098388B9F.xcactivitylog") is missing. Skipping.
2014-01-17 15:09:51.782 xcodebuild[29555:1007] [MT] IDELogStore: Log record's backing file ("/Users/orta/Library/Developer/Xcode/DerivedData/Demo_Project-crppgkcbqmsuzmfbgqzknzuzbick/Logs/Build/42D59874-0AD2-4D5A-8C70-3B33117A1E53.xcactivitylog") is missing. Skipping.
2014-01-17 15:09:51.782 xcodebuild[29555:1007] [MT] IDELogStore: Log record's backing file ("/Users/orta/Library/Developer/Xcode/DerivedData/Demo_Project-crppgkcbqmsuzmfbgqzknzuzbick/Logs/Build/338B9D5B-861E-4BF7-9AA8-ACBB3F7638AC.xcactivitylog") is missing. Skipping.
2014-01-17 15:09:51.782 xcodebuild[29555:1007] [MT] IDELogStore: Log record's backing file ("/Users/orta/Library/Developer/Xcode/DerivedData/Demo_Project-crppgkcbqmsuzmfbgqzknzuzbick/Logs/Build/98B4A5E4-5215-45D9-9D79-67A46FE549C0.xcactivitylog") is missing. Skipping.
2014-01-17 15:09:51.782 xcodebuild[29555:1007] [MT] IDELogStore: Log record's backing file ("/Users/orta/Library/Developer/Xcode/DerivedData/Demo_Project-crppgkcbqmsuzmfbgqzknzuzbick/Logs/Build/81A43353-1722-40A1-BEA9-00D45DD23924.xcactivitylog") is missing. Skipping.
2014-01-17 15:09:51.783 xcodebuild[29555:1007] [MT] IDELogStore: Log record's backing file ("/Users/orta/Library/Developer/Xcode/DerivedData/Demo_Project-crppgkcbqmsuzmfbgqzknzuzbick/Logs/Build/FE511734-D9D4-4007-ACEA-D196CD4AF817.xcactivitylog") is missing. Skipping.
2014-01-17 15:09:51.783 xcodebuild[29555:1007] [MT] IDELogStore: Log record's backing file ("/Users/orta/Library/Developer/Xcode/DerivedData/Demo_Project-crppgkcbqmsuzmfbgqzknzuzbick/Logs/Build/3FF490E5-499B-45A2-B580-0371EB300951.xcactivitylog") is missing. Skipping.
2014-01-17 15:09:51.783 xcodebuild[29555:1007] [MT] IDELogStore: Log record's backing file ("/Users/orta/Library/Developer/Xcode/DerivedData/Demo_Project-crppgkcbqmsuzmfbgqzknzuzbick/Logs/Build/B19DBA8D-6DFC-4A23-BFE8-8C9AC76134A1.xcactivitylog") is missing. Skipping.
2014-01-17 15:09:51.783 xcodebuild[29555:1007] [MT] IDELogStore: Log record's backing file ("/Users/orta/Library/Developer/Xcode/DerivedData/Demo_Project-crppgkcbqmsuzmfbgqzknzuzbick/Logs/Build/731951A2-F699-41DE-9715-F07B2F51FE2F.xcactivitylog") is missing. Skipping.
2014-01-17 15:09:51.783 xcodebuild[29555:1007] [MT] IDELogStore: Log record's backing file ("/Users/orta/Library/Developer/Xcode/DerivedData/Demo_Project-crppgkcbqmsuzmfbgqzknzuzbick/Logs/Build/84EB7445-42F8-4228-B3D4-44F64896FEA4.xcactivitylog") is missing. Skipping.
2014-01-17 15:09:51.783 xcodebuild[29555:1007] [MT] IDELogStore: Log record's backing file ("/Users/orta/Library/Developer/Xcode/DerivedData/Demo_Project-crppgkcbqmsuzmfbgqzknzuzbick/Logs/Build/B929F4AA-5732-4F6C-957A-69D59384786F.xcactivitylog") is missing. Skipping.
2014-01-17 15:09:51.784 xcodebuild[29555:1007] [MT] IDELogStore: Log record's backing file ("/Users/orta/Library/Developer/Xcode/DerivedData/Demo_Project-crppgkcbqmsuzmfbgqzknzuzbick/Logs/Build/5B7659F8-20FC-4749-B197-D01AF79725BC.xcactivitylog") is missing. Skipping.
2014-01-17 15:09:51.784 xcodebuild[29555:1007] [MT] IDELogStore: Log record's backing file ("/Users/orta/Library/Developer/Xcode/DerivedData/Demo_Project-crppgkcbqmsuzmfbgqzknzuzbick/Logs/Build/FC4B6735-EF67-462F-96DB-E8A2F58E797A.xcactivitylog") is missing. Skipping.
2014-01-17 15:09:51.784 xcodebuild[29555:1007] [MT] IDELogStore: Log record's backing file ("/Users/orta/Library/Developer/Xcode/DerivedData/Demo_Project-crppgkcbqmsuzmfbgqzknzuzbick/Logs/Build/5F437EFC-8F54-4EC2-BDA1-95254305A93B.xcactivitylog") is missing. Skipping.
2014-01-17 15:09:51.784 xcodebuild[29555:1007] [MT] IDELogStore: Log record's backing file ("/Users/orta/Library/Developer/Xcode/DerivedData/Demo_Project-crppgkcbqmsuzmfbgqzknzuzbick/Logs/Build/27A595A1-01BD-4F5B-9A90-46EB62F30808.xcactivitylog") is missing. Skipping.
2014-01-17 15:09:51.784 xcodebuild[29555:1007] [MT] IDELogStore: Log record's backing file ("/Users/orta/Library/Developer/Xcode/DerivedData/Demo_Project-crppgkcbqmsuzmfbgqzknzuzbick/Logs/Build/4B410F7C-9880-48B7-B250-54EBEC20241E.xcactivitylog") is missing. Skipping.
2014-01-17 15:09:51.785 xcodebuild[29555:1007] [MT] IDELogStore: Log record's backing file ("/Users/orta/Library/Developer/Xcode/DerivedData/Demo_Project-crppgkcbqmsuzmfbgqzknzuzbick/Logs/Build/3544E879-3CBC-49F4-A4E3-9BDACB2F6D2E.xcactivitylog") is missing. Skipping.
2014-01-17 15:09:51.785 xcodebuild[29555:1007] [MT] IDELogStore: Log record's backing file ("/Users/orta/Library/Developer/Xcode/DerivedData/Demo_Project-crppgkcbqmsuzmfbgqzknzuzbick/Logs/Build/34BF41BC-D28E-48A5-955C-A6EBC5299975.xcactivitylog") is missing. Skipping.
2014-01-17 15:09:51.785 xcodebuild[29555:1007] [MT] IDELogStore: Log record's backing file ("/Users/orta/Library/Developer/Xcode/DerivedData/Demo_Project-crppgkcbqmsuzmfbgqzknzuzbick/Logs/Build/C0BD085F-4AB6-41FB-A1BA-ACDF6441D1B1.xcactivitylog") is missing. Skipping.
2014-01-17 15:09:51.785 xcodebuild[29555:1007] [MT] IDELogStore: Log record's backing file ("/Users/orta/Library/Developer/Xcode/DerivedData/Demo_Project-crppgkcbqmsuzmfbgqzknzuzbick/Logs/Build/0905C968-8DBB-4290-A9A4-914745D79115.xcactivitylog") is missing. Skipping.
2014-01-17 15:09:52.448 xcodebuild[29555:1007] [MT] DVTAssertions: Warning in /SourceCache/DTDeviceKit/DTDeviceKit-3697/DTDeviceKitBase/DTDeviceKitBase_Utilities.m:503
Details:  Failed to register "/System/Library/CoreServices/CoreTypes.bundle/Contents/Library/MobileDevices.bundle" with Launch Services, error code: -10811.
Function: __RegisterUTIsIfNeeded_block_invoke
Thread:   <NSThread: 0x7fc149509150>{name = (null), num = 1}
Please file a bug at http://bugreport.apple.com with this warning message and any useful information you can provide.
